Determining if the pthread_create exist failed with the following output:
Change Dir: /home/autelgcs/basestation_ws/src/basestation_gui_python/build/catkin_tools_prebuild/CMakeFiles/CMakeTmp

Run Build Command:"/usr/bin/make" "cmTC_e85ed/fast"
/usr/bin/make -f CMakeFiles/cmTC_e85ed.dir/build.make CMakeFiles/cmTC_e85ed.dir/build
make[1]: Entering directory '/home/autelgcs/basestation_ws/src/basestation_gui_python/build/catkin_tools_prebuild/CMakeFiles/CMakeTmp'
Building C object CMakeFiles/cmTC_e85ed.dir/CheckSymbolExists.c.o
/usr/bin/cc     -o CMakeFiles/cmTC_e85ed.dir/CheckSymbolExists.c.o   -c /home/autelgcs/basestation_ws/src/basestation_gui_python/build/catkin_tools_prebuild/CMakeFiles/CMakeTmp/CheckSymbolExists.c
Linking C executable cmTC_e85ed
/usr/bin/cmake -E cmake_link_script CMakeFiles/cmTC_e85ed.dir/link.txt --verbose=1
/usr/bin/cc       CMakeFiles/cmTC_e85ed.dir/CheckSymbolExists.c.o  -o cmTC_e85ed -rdynamic 
CMakeFiles/cmTC_e85ed.dir/CheckSymbolExists.c.o: In function `main':
CheckSymbolExists.c:(.text+0x16): undefined reference to `pthread_create'
collect2: error: ld returned 1 exit status
CMakeFiles/cmTC_e85ed.dir/build.make:97: recipe for target 'cmTC_e85ed' failed
make[1]: *** [cmTC_e85ed] Error 1
make[1]: Leaving directory '/home/autelgcs/basestation_ws/src/basestation_gui_python/build/catkin_tools_prebuild/CMakeFiles/CMakeTmp'
Makefile:126: recipe for target 'cmTC_e85ed/fast' failed
make: *** [cmTC_e85ed/fast] Error 2

File /home/autelgcs/basestation_ws/src/basestation_gui_python/build/catkin_tools_prebuild/CMakeFiles/CMakeTmp/CheckSymbolExists.c:
/* */
#include <pthread.h>

int main(int argc, char** argv)
{
  (void)argv;
#ifndef pthread_create
  return ((int*)(&pthread_create))[argc];
#else
  (void)argc;
  return 0;
#endif
}

Determining if the function pthread_create exists in the pthreads failed with the following output:
Change Dir: /home/autelgcs/basestation_ws/src/basestation_gui_python/build/catkin_tools_prebuild/CMakeFiles/CMakeTmp

Run Build Command:"/usr/bin/make" "cmTC_18cbb/fast"
/usr/bin/make -f CMakeFiles/cmTC_18cbb.dir/build.make CMakeFiles/cmTC_18cbb.dir/build
make[1]: Entering directory '/home/autelgcs/basestation_ws/src/basestation_gui_python/build/catkin_tools_prebuild/CMakeFiles/CMakeTmp'
Building C object CMakeFiles/cmTC_18cbb.dir/CheckFunctionExists.c.o
/usr/bin/cc    -DCHECK_FUNCTION_EXISTS=pthread_create   -o CMakeFiles/cmTC_18cbb.dir/CheckFunctionExists.c.o   -c /usr/share/cmake-3.5/Modules/CheckFunctionExists.c
Linking C executable cmTC_18cbb
/usr/bin/cmake -E cmake_link_script CMakeFiles/cmTC_18cbb.dir/link.txt --verbose=1
/usr/bin/cc   -DCHECK_FUNCTION_EXISTS=pthread_create    CMakeFiles/cmTC_18cbb.dir/CheckFunctionExists.c.o  -o cmTC_18cbb -rdynamic -lpthreads 
/usr/bin/ld: cannot find -lpthreads
collect2: error: ld returned 1 exit status
CMakeFiles/cmTC_18cbb.dir/build.make:97: recipe for target 'cmTC_18cbb' failed
make[1]: *** [cmTC_18cbb] Error 1
make[1]: Leaving directory '/home/autelgcs/basestation_ws/src/basestation_gui_python/build/catkin_tools_prebuild/CMakeFiles/CMakeTmp'
Makefile:126: recipe for target 'cmTC_18cbb/fast' failed
make: *** [cmTC_18cbb/fast] Error 2


